0 info it worked if it ends with ok
1 verbose cli [ 'node', '/usr/local/bin/npm', 'run', 'tape' ]
2 info using npm@1.4.28
3 info using node@v0.10.40
4 verbose run-script [ 'pretape', 'tape', 'posttape' ]
5 info pretape unmethods@1.0.0
6 info tape unmethods@1.0.0
7 verbose unsafe-perm in lifecycle true
8 info unmethods@1.0.0 Failed to exec tape script
9 error unmethods@1.0.0 tape: `babel-tape-runner src/**/*-test.js | node_modules/.bin/faucet`
9 error Exit status 1
10 error Failed at the unmethods@1.0.0 tape script.
10 error This is most likely a problem with the unmethods package,
10 error not with npm itself.
10 error Tell the author that this fails on your system:
10 error     babel-tape-runner src/**/*-test.js | node_modules/.bin/faucet
10 error You can get their info via:
10 error     npm owner ls unmethods
10 error There is likely additional logging output above.
11 error System Darwin 14.5.0
12 error command "node" "/usr/local/bin/npm" "run" "tape"
13 error cwd /Users/jfalcone/work/src/github.com/modernserf/unmethods
14 error node -v v0.10.40
15 error npm -v 1.4.28
16 error code ELIFECYCLE
17 verbose exit [ 1, true ]
